<?xml version="1.0" encoding="UTF-8"?>
<testng-results ignored="0" total="1" passed="1" failed="0" skipped="0">
  <reporter-output>
  </reporter-output>
  <suite started-at="2024-01-07T09:32:06 IST" name="Default suite" finished-at="2024-01-07T09:32:16 IST" duration-ms="9391">
    <groups>
    </groups>
    <test started-at="2024-01-07T09:32:06 IST" name="Default test" finished-at="2024-01-07T09:32:16 IST" duration-ms="9391">
      <class name="com.sauceDemo.testLayer.LoginpageTest">
        <test-method is-config="true" signature="setUp()[pri:0, instance:com.sauceDemo.testLayer.LoginpageTest@e056f20]" started-at="2024-01-07T09:32:06 IST" name="setUp" finished-at="2024-01-07T09:32:14 IST" duration-ms="7764" status="PASS">
          <reporter-output>
          </reporter-output>
        </test-method> <!-- setUp -->
        <test-method signature="verifyLoginTest()[pri:0, instance:com.sauceDemo.testLayer.LoginpageTest@e056f20]" started-at="2024-01-07T09:32:14 IST" name="verifyLoginTest" finished-at="2024-01-07T09:32:15 IST" duration-ms="768" status="PASS">
          <reporter-output>
          </reporter-output>
        </test-method> <!-- verifyLoginTest -->
        <test-method is-config="true" signature="tearDown()[pri:0, instance:com.sauceDemo.testLayer.LoginpageTest@e056f20]" started-at="2024-01-07T09:32:15 IST" name="tearDown" finished-at="2024-01-07T09:32:16 IST" duration-ms="769" status="PASS">
          <reporter-output>
          </reporter-output>
        </test-method> <!-- tearDown -->
      </class> <!-- com.sauceDemo.testLayer.LoginpageTest -->
    </test> <!-- Default test -->
  </suite> <!-- Default suite -->
</testng-results>
